<?xml version="1.0" encoding="UTF-8"?>
<!-- Generated by org.testng.reporters.JUnitReportReporter -->
<testsuite skipped="0" hostname="LAPTOP-2EO9IL1O" name="runners.BlazeDemo_TestRunner" tests="1" failures="0" timestamp="2021-10-01T09:53:14 IST" time="22.652" errors="0">
  <testcase name="runScenario" time="22.652" classname="runners.BlazeDemo_TestRunner"/>
  <system-out/>
</testsuite> <!-- runners.BlazeDemo_TestRunner -->
